<?xml version="1.0" encoding="UTF-8"?>
<!-- Generated by org.testng.reporters.JUnitXMLReporter -->
<testsuite ignored="14" hostname="DESKTOP-T1IP2Q6" failures="3" tests="12" name="Test_Smoke" time="1097.77" errors="0" timestamp="2025-10-19T15:33:01 IST">
  <testcase classname="TestCases.CheckoutPageTest" name="TillPlaceOrder" time="167.466">
    <failure type="org.openqa.selenium.TimeoutException" message="timeout: Timed out receiving message from renderer: 120.000
  (Session info: chrome=141.0.7390.66)
Build info: version: &amp;apos;4.35.0&amp;apos;, revision: &amp;apos;1c58e5028b&amp;apos;
System info: os.name: &amp;apos;Windows 10&amp;apos;, os.arch: &amp;apos;amd64&amp;apos;, os.version: &amp;apos;10.0&amp;apos;, java.version: &amp;apos;24.0.2&amp;apos;
Driver info: org.openqa.selenium.chrome.ChromeDriver
Command: [b8feca06ccd859719fb156f3ff78078e, actions {actions=[org.openqa.selenium.interactions.Sequence@523d6bdb]}]
Capabilities {acceptInsecureCerts: false, browserName: chrome, browserVersion: 141.0.7390.66, chrome: {chromedriverVersion: 141.0.7390.78 (2b53b0e231fc..., userDataDir: C:\Users\HP\AppData\Local\T...}, fedcm:accounts: true, goog:chromeOptions: {debuggerAddress: localhost:57865}, networkConnectionEnabled: false, pageLoadStrategy: normal, platformName: windows, proxy: Proxy(), se:cdp: ws://localhost:57865/devtoo..., se:cdpVersion: 141.0.7390.66, setWindowRect: true, strictFileInteractability: false, timeouts: {implicit: 0, pageLoad: 300000, script: 30000}, unhandledPromptBehavior: dismiss and notify, webauthn:extension:credBlob: true, webauthn:extension:largeBlob: true, webauthn:extension:minPinLength: true, webauthn:extension:prf: true, webauthn:virtualAuthenticators: true}
Session ID: b8feca06ccd859719fb156f3ff78078e">
      <![CDATA[org.openqa.selenium.TimeoutException: timeout: Timed out receiving message from renderer: 120.000
  (Session info: chrome=141.0.7390.66)
Build info: version: '4.35.0', revision: '1c58e5028b'
System info: os.name: 'Windows 10', os.arch: 'amd64', os.version: '10.0', java.version: '24.0.2'
Driver info: org.openqa.selenium.chrome.ChromeDriver
Command: [b8feca06ccd859719fb156f3ff78078e, actions {actions=[org.openqa.selenium.interactions.Sequence@523d6bdb]}]
Capabilities {acceptInsecureCerts: false, browserName: chrome, browserVersion: 141.0.7390.66, chrome: {chromedriverVersion: 141.0.7390.78 (2b53b0e231fc..., userDataDir: C:\Users\HP\AppData\Local\T...}, fedcm:accounts: true, goog:chromeOptions: {debuggerAddress: localhost:57865}, networkConnectionEnabled: false, pageLoadStrategy: normal, platformName: windows, proxy: Proxy(), se:cdp: ws://localhost:57865/devtoo..., se:cdpVersion: 141.0.7390.66, setWindowRect: true, strictFileInteractability: false, timeouts: {implicit: 0, pageLoad: 300000, script: 30000}, unhandledPromptBehavior: dismiss and notify, webauthn:extension:credBlob: true, webauthn:extension:largeBlob: true, webauthn:extension:minPinLength: true, webauthn:extension:prf: true, webauthn:virtualAuthenticators: true}
Session ID: b8feca06ccd859719fb156f3ff78078e
at org.openqa.selenium.remote.ErrorCodec.decode(ErrorCodec.java:167)
at org.openqa.selenium.remote.codec.w3c.W3CHttpResponseCodec.decode(W3CHttpResponseCodec.java:138)
at org.openqa.selenium.remote.codec.w3c.W3CHttpResponseCodec.decode(W3CHttpResponseCodec.java:50)
at org.openqa.selenium.remote.HttpCommandExecutor.execute(HttpCommandExecutor.java:215)
at org.openqa.selenium.remote.service.DriverCommandExecutor.invokeExecute(DriverCommandExecutor.java:216)
at org.openqa.selenium.remote.service.DriverCommandExecutor.execute(DriverCommandExecutor.java:174)
at org.openqa.selenium.remote.RemoteWebDriver.execute(RemoteWebDriver.java:557)
at org.openqa.selenium.remote.RemoteWebDriver.perform(RemoteWebDriver.java:643)
at org.openqa.selenium.interactions.Actions$BuiltAction.perform(Actions.java:616)
at ActionDriver.Action.click(Action.java:36)
at PageObjects.LoginPage.Login(LoginPage.java:27)
at TestCases.CheckoutPageTest.TillPlaceOrder(CheckoutPageTest.java:49)
at java.base/java.util.ArrayList.forEach(ArrayList.java:1604)
... Removed 28 stack frames]]>
    </failure>
  </testcase> <!-- TillPlaceOrder -->
  <testcase classname="TestCases.AccountCreationPageTest" name="enterAccountcreationDetails" time="20.704"/>
  <testcase classname="TestCases.OrderPlacedTest" name="CompleteE2EFlowPostLogin" time="83.292"/>
  <testcase classname="TestCases.OrderPlacedTest" name="CompleteE2EFlowPreLogin" time="80.583"/>
  <testcase classname="TestCases.PaymentPageTest" name="TillPlaceOrder" time="72.55"/>
  <testcase classname="TestCases.ViewCartPageTest" name="validateCartPage" time="68.498"/>
  <testcase classname="TestCases.IndexPageTest" name="myStoreLogo" time="0.16"/>
  <testcase classname="TestCases.IndexPageTest" name="verifyTitle" time="0.037"/>
  <testcase classname="TestCases.LoginPageTest" name="LoginTest" time="79.172">
    <failure type="org.openqa.selenium.NoSuchElementException" message="no such element: Unable to locate element: {&amp;quot;method&amp;quot;:&amp;quot;xpath&amp;quot;,&amp;quot;selector&amp;quot;:&amp;quot;//*[@id=&amp;quot;header&amp;quot;]//b&amp;quot;}
  (Session info: chrome=141.0.7390.66)
For documentation on this error, please visit: https://www.selenium.dev/documentation/webdriver/troubleshooting/errors#no-such-element-exception
Build info: version: &amp;apos;4.35.0&amp;apos;, revision: &amp;apos;1c58e5028b&amp;apos;
System info: os.name: &amp;apos;Windows 10&amp;apos;, os.arch: &amp;apos;amd64&amp;apos;, os.version: &amp;apos;10.0&amp;apos;, java.version: &amp;apos;24.0.2&amp;apos;
Driver info: org.openqa.selenium.chrome.ChromeDriver
Command: [4a56a7fece16b1d9068d84cebf587678, findElement {value=//*[@id=&amp;quot;header&amp;quot;]//b, using=xpath}]
Capabilities {acceptInsecureCerts: false, browserName: chrome, browserVersion: 141.0.7390.66, chrome: {chromedriverVersion: 141.0.7390.78 (2b53b0e231fc..., userDataDir: C:\Users\HP\AppData\Local\T...}, fedcm:accounts: true, goog:chromeOptions: {debuggerAddress: localhost:58874}, networkConnectionEnabled: false, pageLoadStrategy: normal, platformName: windows, proxy: Proxy(), se:cdp: ws://localhost:58874/devtoo..., se:cdpVersion: 141.0.7390.66, setWindowRect: true, strictFileInteractability: false, timeouts: {implicit: 0, pageLoad: 300000, script: 30000}, unhandledPromptBehavior: dismiss and notify, webauthn:extension:credBlob: true, webauthn:extension:largeBlob: true, webauthn:extension:minPinLength: true, webauthn:extension:prf: true, webauthn:virtualAuthenticators: true}
Session ID: 4a56a7fece16b1d9068d84cebf587678">
      <![CDATA[org.openqa.selenium.NoSuchElementException: no such element: Unable to locate element: {"method":"xpath","selector":"//*[@id="header"]//b"}
  (Session info: chrome=141.0.7390.66)
For documentation on this error, please visit: https://www.selenium.dev/documentation/webdriver/troubleshooting/errors#no-such-element-exception
Build info: version: '4.35.0', revision: '1c58e5028b'
System info: os.name: 'Windows 10', os.arch: 'amd64', os.version: '10.0', java.version: '24.0.2'
Driver info: org.openqa.selenium.chrome.ChromeDriver
Command: [4a56a7fece16b1d9068d84cebf587678, findElement {value=//*[@id="header"]//b, using=xpath}]
Capabilities {acceptInsecureCerts: false, browserName: chrome, browserVersion: 141.0.7390.66, chrome: {chromedriverVersion: 141.0.7390.78 (2b53b0e231fc..., userDataDir: C:\Users\HP\AppData\Local\T...}, fedcm:accounts: true, goog:chromeOptions: {debuggerAddress: localhost:58874}, networkConnectionEnabled: false, pageLoadStrategy: normal, platformName: windows, proxy: Proxy(), se:cdp: ws://localhost:58874/devtoo..., se:cdpVersion: 141.0.7390.66, setWindowRect: true, strictFileInteractability: false, timeouts: {implicit: 0, pageLoad: 300000, script: 30000}, unhandledPromptBehavior: dismiss and notify, webauthn:extension:credBlob: true, webauthn:extension:largeBlob: true, webauthn:extension:minPinLength: true, webauthn:extension:prf: true, webauthn:virtualAuthenticators: true}
Session ID: 4a56a7fece16b1d9068d84cebf587678
at org.openqa.selenium.remote.ErrorCodec.decode(ErrorCodec.java:167)
at org.openqa.selenium.remote.codec.w3c.W3CHttpResponseCodec.decode(W3CHttpResponseCodec.java:138)
at org.openqa.selenium.remote.codec.w3c.W3CHttpResponseCodec.decode(W3CHttpResponseCodec.java:50)
at org.openqa.selenium.remote.HttpCommandExecutor.execute(HttpCommandExecutor.java:215)
at org.openqa.selenium.remote.service.DriverCommandExecutor.invokeExecute(DriverCommandExecutor.java:216)
at org.openqa.selenium.remote.service.DriverCommandExecutor.execute(DriverCommandExecutor.java:174)
at org.openqa.selenium.remote.RemoteWebDriver.execute(RemoteWebDriver.java:557)
at org.openqa.selenium.remote.ElementLocation$ElementFinder$2.findElement(ElementLocation.java:165)
at org.openqa.selenium.remote.ElementLocation.findElement(ElementLocation.java:59)
at org.openqa.selenium.remote.RemoteWebDriver.findElement(RemoteWebDriver.java:380)
at org.openqa.selenium.remote.RemoteWebDriver.findElement(RemoteWebDriver.java:374)
at org.openqa.selenium.support.pagefactory.DefaultElementLocator.findElement(DefaultElementLocator.java:68)
at org.openqa.selenium.support.pagefactory.internal.LocatingElementHandler.invoke(LocatingElementHandler.java:38)
at jdk.proxy2/jdk.proxy2.$Proxy17.isDisplayed(Unknown Source)
at ActionDriver.Action.isDisplayed(Action.java:42)
at PageObjects.IndexPage.isLoggedUserNameDisplayed(IndexPage.java:36)
at TestCases.LoginPageTest.LoginTest(LoginPageTest.java:40)
at java.base/java.util.ArrayList.forEach(ArrayList.java:1604)
... Removed 28 stack frames]]>
    </failure>
  </testcase> <!-- LoginTest -->
  <testcase classname="TestCases.LoginPageTest" name="LoginTest" time="49.695"/>
  <testcase classname="TestCases.LoginPageTest" name="LoginTest" time="24.202">
    <failure type="java.lang.IllegalArgumentException" message="Keys to send should be a not null CharSequence">
      <![CDATA[java.lang.IllegalArgumentException: Keys to send should be a not null CharSequence
at org.openqa.selenium.remote.RemoteWebElement.sendKeys(RemoteWebElement.java:96)
at org.openqa.selenium.support.pagefactory.internal.LocatingElementHandler.invoke(LocatingElementHandler.java:51)
at jdk.proxy2/jdk.proxy2.$Proxy17.sendKeys(Unknown Source)
at ActionDriver.Action.enterText(Action.java:60)
at PageObjects.LoginPage.Login(LoginPage.java:25)
at TestCases.LoginPageTest.LoginTest(LoginPageTest.java:39)
at java.base/java.util.ArrayList.forEach(ArrayList.java:1604)
... Removed 27 stack frames]]>
    </failure>
  </testcase> <!-- LoginTest -->
  <testcase classname="TestCases.ProductPageTest" name="validateProduct" time="57.753"/>
  <testcase classname="BaseClass.BaseClass" name="@AfterSuite extentmangerEndReport" time="0.0">
    <ignored/>
  </testcase> <!-- @AfterSuite extentmangerEndReport -->
  <testcase classname="BaseClass.BaseClass" name="@BeforeSuite LoadConfigs" time="0.0">
    <ignored/>
  </testcase> <!-- @BeforeSuite LoadConfigs -->
  <testcase classname="BaseClass.BaseClass" name="@AfterSuite extentmangerEndReport" time="0.0">
    <ignored/>
  </testcase> <!-- @AfterSuite extentmangerEndReport -->
  <testcase classname="BaseClass.BaseClass" name="@AfterSuite extentmangerEndReport" time="0.0">
    <ignored/>
  </testcase> <!-- @AfterSuite extentmangerEndReport -->
  <testcase classname="BaseClass.BaseClass" name="@BeforeSuite LoadConfigs" time="0.0">
    <ignored/>
  </testcase> <!-- @BeforeSuite LoadConfigs -->
  <testcase classname="BaseClass.BaseClass" name="@BeforeSuite LoadConfigs" time="0.0">
    <ignored/>
  </testcase> <!-- @BeforeSuite LoadConfigs -->
  <testcase classname="BaseClass.BaseClass" name="@AfterSuite extentmangerEndReport" time="0.0">
    <ignored/>
  </testcase> <!-- @AfterSuite extentmangerEndReport -->
  <testcase classname="BaseClass.BaseClass" name="@BeforeSuite LoadConfigs" time="0.0">
    <ignored/>
  </testcase> <!-- @BeforeSuite LoadConfigs -->
  <testcase classname="BaseClass.BaseClass" name="@AfterSuite extentmangerEndReport" time="0.0">
    <ignored/>
  </testcase> <!-- @AfterSuite extentmangerEndReport -->
  <testcase classname="BaseClass.BaseClass" name="@BeforeSuite LoadConfigs" time="0.0">
    <ignored/>
  </testcase> <!-- @BeforeSuite LoadConfigs -->
  <testcase classname="BaseClass.BaseClass" name="@BeforeSuite LoadConfigs" time="0.0">
    <ignored/>
  </testcase> <!-- @BeforeSuite LoadConfigs -->
  <testcase classname="BaseClass.BaseClass" name="@AfterSuite extentmangerEndReport" time="0.0">
    <ignored/>
  </testcase> <!-- @AfterSuite extentmangerEndReport -->
  <testcase classname="BaseClass.BaseClass" name="@AfterSuite extentmangerEndReport" time="0.0">
    <ignored/>
  </testcase> <!-- @AfterSuite extentmangerEndReport -->
  <testcase classname="BaseClass.BaseClass" name="@BeforeSuite LoadConfigs" time="0.0">
    <ignored/>
  </testcase> <!-- @BeforeSuite LoadConfigs -->
</testsuite> <!-- Test_Smoke -->
